\BOOKMARK [1][-]{section.1}{Integralrechnung S483}{}% 1
\BOOKMARK [2][-]{subsection.1.1}{Integrationsmethoden S486ff}{section.1}% 2
\BOOKMARK [3][-]{subsubsection.1.1.1}{Einige unbestimmte Integrale S1074 ff}{subsection.1.1}% 3
\BOOKMARK [3][-]{subsubsection.1.1.2}{Uneigentliches Integral S509 ff}{subsection.1.1}% 4
\BOOKMARK [3][-]{subsubsection.1.1.3}{Prinzip der Restfl\344che}{subsection.1.1}% 5
\BOOKMARK [3][-]{subsubsection.1.1.4}{Majorantenprinzip \(konvergent\)}{subsection.1.1}% 6
\BOOKMARK [3][-]{subsubsection.1.1.5}{Minorantenprinzip \(divergent\)}{subsection.1.1}% 7
\BOOKMARK [1][-]{section.2}{Funktionsgraphen}{}% 8
\BOOKMARK [1][-]{section.3}{Anwendung der Differential- und Integralrechnung}{}% 9
\BOOKMARK [2][-]{subsection.3.1}{BeschreibungungsvariantenS49ff}{section.3}% 10
\BOOKMARK [2][-]{subsection.3.2}{Umrechnen diverser Systeme S\(197\)}{section.3}% 11
\BOOKMARK [2][-]{subsection.3.3}{KurvenartenS203ff}{section.3}% 12
\BOOKMARK [2][-]{subsection.3.4}{GleichungenS248, MittelwerteS19ff}{section.3}% 13
\BOOKMARK [2][-]{subsection.3.5}{Tangenten- \046 Normalenabschnitt, Subtangente \046 SubnormaleS249ff}{section.3}% 14
\BOOKMARK [2][-]{subsection.3.6}{Abstandsformeln}{section.3}% 15
\BOOKMARK [2][-]{subsection.3.7}{Ber\374hrung h\366herer Ordnung}{section.3}% 16
\BOOKMARK [2][-]{subsection.3.8}{Scheitel S254}{section.3}% 17
\BOOKMARK [2][-]{subsection.3.9}{Kr\374mmung}{section.3}% 18
\BOOKMARK [2][-]{subsection.3.10}{Wichtige FormelnSFF S60}{section.3}% 19
\BOOKMARK [2][-]{subsection.3.11}{Orthogonaltrajektorien}{section.3}% 20
\BOOKMARK [1][-]{section.4}{ReihenS460, 465, 1066}{}% 21
\BOOKMARK [2][-]{subsection.4.1}{ZahlenreihenS460}{section.4}% 22
\BOOKMARK [3][-]{subsubsection.4.1.1}{Konvergenz, DivergenzS460}{subsection.4.1}% 23
\BOOKMARK [3][-]{subsubsection.4.1.2}{Geometrische Reihe}{subsection.4.1}% 24
\BOOKMARK [3][-]{subsubsection.4.1.3}{Harmonische Reihe}{subsection.4.1}% 25
\BOOKMARK [3][-]{subsubsection.4.1.4}{Konvergenzkriterien}{subsection.4.1}% 26
\BOOKMARK [3][-]{subsubsection.4.1.5}{Bedingte und Absolute KonvergenzS465}{subsection.4.1}% 27
\BOOKMARK [3][-]{subsubsection.4.1.6}{Produkt von absolut konvergenten ReihenS466}{subsection.4.1}% 28
\BOOKMARK [2][-]{subsection.4.2}{Potenzreihen}{section.4}% 29
\BOOKMARK [3][-]{subsubsection.4.2.1}{KonvergenzS472}{subsection.4.2}% 30
\BOOKMARK [3][-]{subsubsection.4.2.2}{KonvergenzradiusS472}{subsection.4.2}% 31
\BOOKMARK [3][-]{subsubsection.4.2.3}{Differentiation}{subsection.4.2}% 32
\BOOKMARK [3][-]{subsubsection.4.2.4}{Integration}{subsection.4.2}% 33
\BOOKMARK [1][-]{section.5}{Differentialgleichungen S543}{}% 34
\BOOKMARK [2][-]{subsection.5.1}{L\366sen von Differentialgleichungen}{section.5}% 35
\BOOKMARK [3][-]{subsubsection.5.1.1}{Trennung von Variabeln / Separation S545}{subsection.5.1}% 36
\BOOKMARK [3][-]{subsubsection.5.1.2}{Lineartermsubstitution S545}{subsection.5.1}% 37
\BOOKMARK [3][-]{subsubsection.5.1.3}{Gleichgradigkeit}{subsection.5.1}% 38
\BOOKMARK [3][-]{subsubsection.5.1.4}{Lineare Differentialgleichungen 1. Ordnung S546}{subsection.5.1}% 39
\BOOKMARK [2][-]{subsection.5.2}{Lineare Differentialgleichung 2. Ordnung mit konstanten Koeffizienten S564}{section.5}% 40
\BOOKMARK [3][-]{subsubsection.5.2.1}{Homogene L\366sung yH}{subsection.5.2}% 41
\BOOKMARK [3][-]{subsubsection.5.2.2}{Partikul\344re L\366sung yP durch Faltung}{subsection.5.2}% 42
\BOOKMARK [3][-]{subsubsection.5.2.3}{Partikul\344re L\366sung yP durch Form des St\366rglieds f\(x\)}{subsection.5.2}% 43
\BOOKMARK [3][-]{subsubsection.5.2.4}{Partikul\344re L\366sung durch Superpositionsprinzip}{subsection.5.2}% 44
\BOOKMARK [3][-]{subsubsection.5.2.5}{Allgemeine L\366sung einer DGL}{subsection.5.2}% 45
\BOOKMARK [2][-]{subsection.5.3}{Lineare Differentialgleichung n. Ordnung mit konstanten Koeffizienten S554}{section.5}% 46
\BOOKMARK [3][-]{subsubsection.5.3.1}{Homogene L\366sungen}{subsection.5.3}% 47
\BOOKMARK [3][-]{subsubsection.5.3.2}{Allgemeinste L\366sung des partikul\344ren Teils:}{subsection.5.3}% 48
\BOOKMARK [3][-]{subsubsection.5.3.3}{Grundl\366severfahren}{subsection.5.3}% 49
\BOOKMARK [3][-]{subsubsection.5.3.4}{HornerschemaS914}{subsection.5.3}% 50
\BOOKMARK [2][-]{subsection.5.4}{Lineare Differentialgleichungssysteme erster Ordnung mit konstanten Koeffizienten}{section.5}% 51
\BOOKMARK [2][-]{subsection.5.5}{D\344mpfung}{section.5}% 52
\BOOKMARK [1][-]{section.6}{Grenzwerte mitn n-ten Wurzeln und Fakult\344ten}{}% 53
\BOOKMARK [1][-]{section.7}{Anhang: Tabellen}{}% 54
\BOOKMARK [2][-]{subsection.7.1}{Wichtige FormelnSFF S60}{section.7}% 55
\BOOKMARK [2][-]{subsection.7.2}{Einige unbestimmte IntegraleS1074}{section.7}% 56
