\BOOKMARK [1][-]{section.1}{Integralrechnung S492}{}% 1
\BOOKMARK [2][-]{subsection.1.1}{Integrationsmethoden S495ff}{section.1}% 2
\BOOKMARK [3][-]{subsubsection.1.1.1}{Einige unbestimmte Integrale S1081ff}{subsection.1.1}% 3
\BOOKMARK [2][-]{subsection.1.2}{Uneigentliche IntegraleS518}{section.1}% 4
\BOOKMARK [3][-]{subsubsection.1.2.1}{Prinzip der Restfl\344che}{subsection.1.2}% 5
\BOOKMARK [3][-]{subsubsection.1.2.2}{Majorantenprinzip}{subsection.1.2}% 6
\BOOKMARK [3][-]{subsubsection.1.2.3}{Minorantenprinzip}{subsection.1.2}% 7
\BOOKMARK [1][-]{section.2}{Anwendung der Differential- und Integralrechnung}{}% 8
\BOOKMARK [2][-]{subsection.2.1}{Beschreibungungsvarianten}{section.2}% 9
\BOOKMARK [2][-]{subsection.2.2}{Umrechnen diverser Systeme S49}{section.2}% 10
\BOOKMARK [2][-]{subsection.2.3}{KurvenartenS203ff}{section.2}% 11
\BOOKMARK [2][-]{subsection.2.4}{Gleichungen, MittelwerteS19ff, 509}{section.2}% 12
\BOOKMARK [2][-]{subsection.2.5}{Tangenten- \046 Normalenabschnitt, Subtangente \046 SubnormaleS251ff}{section.2}% 13
\BOOKMARK [2][-]{subsection.2.6}{Abstandsformeln}{section.2}% 14
\BOOKMARK [2][-]{subsection.2.7}{Ber\374hrung in n-ter Ordnung}{section.2}% 15
\BOOKMARK [2][-]{subsection.2.8}{Scheitel S256}{section.2}% 16
\BOOKMARK [2][-]{subsection.2.9}{Wichtige FormelnS249ff}{section.2}% 17
\BOOKMARK [2][-]{subsection.2.10}{Evolute}{section.2}% 18
\BOOKMARK [2][-]{subsection.2.11}{Orthogonaltrajektorien}{section.2}% 19
\BOOKMARK [1][-]{section.3}{ReihenS469, 1073}{}% 20
\BOOKMARK [2][-]{subsection.3.1}{ZahlenreihenS470}{section.3}% 21
\BOOKMARK [3][-]{subsubsection.3.1.1}{Konvergenz, DivergenzS471}{subsection.3.1}% 22
\BOOKMARK [3][-]{subsubsection.3.1.2}{KonvergenzkriterienS462}{subsection.3.1}% 23
\BOOKMARK [4][-]{paragraph.3.1.2.1}{Cauchy-Kriterium}{subsubsection.3.1.2}% 24
\BOOKMARK [4][-]{paragraph.3.1.2.2}{lim = 0}{subsubsection.3.1.2}% 25
\BOOKMARK [4][-]{paragraph.3.1.2.3}{Divergenz}{subsubsection.3.1.2}% 26
\BOOKMARK [4][-]{paragraph.3.1.2.4}{MajorantenkriteriumS478}{subsubsection.3.1.2}% 27
\BOOKMARK [4][-]{paragraph.3.1.2.5}{Minorantenkriterium}{subsubsection.3.1.2}% 28
\BOOKMARK [4][-]{paragraph.3.1.2.6}{Absch\344tzung Restglied einer alternierenden konvergenten ReiheS471}{subsubsection.3.1.2}% 29
\BOOKMARK [3][-]{subsubsection.3.1.3}{Bedingte und Absolute KonvergenzS474}{subsection.3.1}% 30
\BOOKMARK [3][-]{subsubsection.3.1.4}{Produkt von absolut konvergenten ReihenS475}{subsection.3.1}% 31
\BOOKMARK [3][-]{subsubsection.3.1.5}{Fehlerformel}{subsection.3.1}% 32
\BOOKMARK [2][-]{subsection.3.2}{PotenzreihenS481}{section.3}% 33
\BOOKMARK [3][-]{paragraph.3.2.0.1}{DefinitionS432}{subsection.3.2}% 34
\BOOKMARK [3][-]{subsubsection.3.2.1}{KonvergenzS481}{subsection.3.2}% 35
\BOOKMARK [3][-]{subsubsection.3.2.2}{Abel's Theorem}{subsection.3.2}% 36
\BOOKMARK [3][-]{subsubsection.3.2.3}{KonvergenzradiusS481}{subsection.3.2}% 37
\BOOKMARK [3][-]{subsubsection.3.2.4}{Differentiation}{subsection.3.2}% 38
\BOOKMARK [3][-]{subsubsection.3.2.5}{Integration}{subsection.3.2}% 39
\BOOKMARK [4][-]{paragraph.3.2.5.1}{Unbestimmtes Integral}{subsubsection.3.2.5}% 40
\BOOKMARK [4][-]{paragraph.3.2.5.2}{Bestimmtes Integral}{subsubsection.3.2.5}% 41
\BOOKMARK [2][-]{subsection.3.3}{einige Reihen}{section.3}% 42
\BOOKMARK [2][-]{subsection.3.4}{Grenzwerte von Reihen}{section.3}% 43
\BOOKMARK [1][-]{section.4}{DifferentialgleichungenS552}{}% 44
\BOOKMARK [2][-]{subsection.4.1}{L\366sen von Differentialgleichungen 1.Ordnung}{section.4}% 45
\BOOKMARK [3][-]{subsubsection.4.1.1}{Picard-Lindel\366f}{subsection.4.1}% 46
\BOOKMARK [3][-]{subsubsection.4.1.2}{Trennung von Variabeln / Separation S554}{subsection.4.1}% 47
\BOOKMARK [3][-]{subsubsection.4.1.3}{Lineartermsubstitution/separierte L\366sungS554}{subsection.4.1}% 48
\BOOKMARK [3][-]{subsubsection.4.1.4}{GleichgradigkeitS554}{subsection.4.1}% 49
\BOOKMARK [3][-]{subsubsection.4.1.5}{Lineare Differentialgleichungen 1. Ordnung S555}{subsection.4.1}% 50
\BOOKMARK [2][-]{subsection.4.2}{Lineare Differentialgleichung 2. Ordnung mit konstanten Koeffizienten S573}{section.4}% 51
\BOOKMARK [3][-]{subsubsection.4.2.1}{Allgemeine L\366sung einer homogenen DGL: \040YH}{subsection.4.2}% 52
\BOOKMARK [3][-]{subsubsection.4.2.2}{Allgemeine L\366sung einer inhomogenen DGL: y=YH+yP}{subsection.4.2}% 53
\BOOKMARK [3][-]{subsubsection.4.2.3}{Grundl\366severfahren einer inhomogenen DGL: \040yP}{subsection.4.2}% 54
\BOOKMARK [3][-]{subsubsection.4.2.4}{Vorgehen bei einer inh. DGL mit St\366rgliedtabelle: }{subsection.4.2}% 55
\BOOKMARK [4][-]{paragraph.4.2.4.1}{St\366rgliedtabelle}{subsubsection.4.2.4}% 56
\BOOKMARK [3][-]{subsubsection.4.2.5}{Superpositionsprinzip}{subsection.4.2}% 57
\BOOKMARK [2][-]{subsection.4.3}{Lineare Differentialgleichung n. Ordnung mit konstanten Koeffizienten S554}{section.4}% 58
\BOOKMARK [3][-]{subsubsection.4.3.1}{n-verschiedene Homogene L\366sungen}{subsection.4.3}% 59
\BOOKMARK [3][-]{subsubsection.4.3.2}{Allgemeinste L\366sung des partikul\344ren Teils:}{subsection.4.3}% 60
\BOOKMARK [3][-]{subsubsection.4.3.3}{Grundl\366severfahren}{subsection.4.3}% 61
\BOOKMARK [3][-]{subsubsection.4.3.4}{Anfangswertproblem}{subsection.4.3}% 62
\BOOKMARK [2][-]{subsection.4.4}{Lineare Differentialgleichungssysteme erster Ordnung mit konstanten Koeffizienten}{section.4}% 63
\BOOKMARK [2][-]{subsection.4.5}{Faltung S802}{section.4}% 64
\BOOKMARK [1][-]{section.5}{Formeln + Theorie aus An1E}{}% 65
\BOOKMARK [2][-]{subsection.5.1}{Trigonometrie}{section.5}% 66
\BOOKMARK [3][-]{subsubsection.5.1.1}{Funktionswerte f\374r Winkelargumente}{subsection.5.1}% 67
\BOOKMARK [3][-]{subsubsection.5.1.2}{Periodizit\344t}{subsection.5.1}% 68
\BOOKMARK [3][-]{subsubsection.5.1.3}{Quadrantenbeziehungen}{subsection.5.1}% 69
\BOOKMARK [3][-]{subsubsection.5.1.4}{Additionstheoreme}{subsection.5.1}% 70
\BOOKMARK [3][-]{subsubsection.5.1.5}{Doppel- und Halbwinkel}{subsection.5.1}% 71
\BOOKMARK [3][-]{subsubsection.5.1.6}{Produkte}{subsection.5.1}% 72
\BOOKMARK [3][-]{subsubsection.5.1.7}{Summe und Differenz}{subsection.5.1}% 73
